2026-03-09 21:55:34,084 - INFO - Processing database: /workspace/2025.11.04 Típico/03.11.25 3pm a 12 am/hiv00004/Conteos.db
2026-03-09 21:55:34,085 - INFO - Intersection name: Conteos
2026-03-09 21:55:34,085 - INFO - Project root: /workspace
2026-03-09 21:55:34,085 - INFO - Checking template at: /workspace/templates/template.xlsx
2026-03-09 21:55:34,085 - INFO - Found template at: /workspace/templates/template.xlsx
2026-03-09 21:55:34,085 - INFO - Created report template at: /workspace/2025.11.04 Típico/03.11.25 3pm a 12 am/hiv00004/Conteos.xlsx
2026-03-09 21:55:34,085 - INFO - Found typologies at: /workspace/templates/tipologias.txt
2026-03-09 21:55:34,085 - INFO - Loading configuration from: /workspace/2025.11.04 Típico/03.11.25 3pm a 12 am/hiv00004/results.json
2026-03-09 21:55:34,085 - INFO - JSON loaded successfully. Keys: ['video', 'total_frames', 'processed_frames', 'processing_time_seconds', 'effective_fps', 'counts', 'counting_lines', 'movements', 'types', 'config']
2026-03-09 21:55:34,086 - INFO - Removed 'Persona' from typologies (pedestrian counts separate)
2026-03-09 21:55:35,072 - INFO - Found 2 movements and 4 counting lines in configuration
2026-03-09 21:55:35,073 - INFO - Saving initial Excel with movements info...
2026-03-09 21:55:35,566 - INFO - Excel saved with movements. Now processing vehicle counts...
2026-03-09 21:55:35,566 - INFO - Prepared turns dictionary: {'N': [], 'S': [], 'E': ['M1'], 'O': ['M2']}
2026-03-09 21:55:35,566 - INFO - Connecting to database: /workspace/2025.11.04 Típico/03.11.25 3pm a 12 am/hiv00004/Conteos.db
2026-03-09 21:55:35,566 - INFO - Querying VehicleCounts table...
2026-03-09 21:55:35,567 - INFO - Found 443 vehicle records in database
2026-03-09 21:55:35,570 - INFO - Grouped vehicle records into 3 quarters
2026-03-09 21:55:35,570 - INFO - Processing quarter 12 with 169 records
2026-03-09 21:55:35,570 - INFO - Created temp folder: /workspace/2025.11.04 Típico/03.11.25 3pm a 12 am/hiv00004/temp_12
2026-03-09 21:55:35,600 - INFO - Created temp database with 169 records
2026-03-09 21:55:35,601 - INFO - Writing counts to Excel for quarter 12...
2026-03-09 21:55:36,310 - INFO - Successfully wrote quarter 12 to Excel
2026-03-09 21:55:36,311 - INFO - Cleaned up temp folder: /workspace/2025.11.04 Típico/03.11.25 3pm a 12 am/hiv00004/temp_12
2026-03-09 21:55:36,311 - INFO - Processing quarter 13 with 157 records
2026-03-09 21:55:36,311 - INFO - Created temp folder: /workspace/2025.11.04 Típico/03.11.25 3pm a 12 am/hiv00004/temp_13
2026-03-09 21:55:36,342 - INFO - Created temp database with 157 records
2026-03-09 21:55:36,342 - INFO - Writing counts to Excel for quarter 13...
2026-03-09 21:55:36,824 - INFO - Successfully wrote quarter 13 to Excel
2026-03-09 21:55:36,824 - INFO - Cleaned up temp folder: /workspace/2025.11.04 Típico/03.11.25 3pm a 12 am/hiv00004/temp_13
2026-03-09 21:55:36,825 - INFO - Processing quarter 14 with 117 records
2026-03-09 21:55:36,825 - INFO - Created temp folder: /workspace/2025.11.04 Típico/03.11.25 3pm a 12 am/hiv00004/temp_14
2026-03-09 21:55:36,852 - INFO - Created temp database with 117 records
2026-03-09 21:55:36,852 - INFO - Writing counts to Excel for quarter 14...
2026-03-09 21:55:37,335 - INFO - Successfully wrote quarter 14 to Excel
2026-03-09 21:55:37,335 - INFO - Cleaned up temp folder: /workspace/2025.11.04 Típico/03.11.25 3pm a 12 am/hiv00004/temp_14
2026-03-09 21:55:37,335 - INFO - Successfully processed all quarters from database
2026-03-09 21:55:37,336 - INFO - Database connection closed
2026-03-09 21:55:37,816 - INFO - Excel workbook saved successfully to: /workspace/2025.11.04 Típico/03.11.25 3pm a 12 am/hiv00004/Conteos.xlsx
2026-03-09 22:00:25,195 - INFO - Processing database: /workspace/2025.11.04 Típico/03.11.25 3pm a 12 am/hiv00005/Conteos.db
2026-03-09 22:00:25,195 - INFO - Intersection name: Conteos
2026-03-09 22:00:25,195 - INFO - Project root: /workspace
2026-03-09 22:00:25,195 - INFO - Checking template at: /workspace/templates/template.xlsx
2026-03-09 22:00:25,195 - INFO - Found template at: /workspace/templates/template.xlsx
2026-03-09 22:00:25,196 - INFO - Created report template at: /workspace/2025.11.04 Típico/03.11.25 3pm a 12 am/hiv00005/Conteos.xlsx
2026-03-09 22:00:25,196 - INFO - Found typologies at: /workspace/templates/tipologias.txt
2026-03-09 22:00:25,196 - INFO - Loading configuration from: /workspace/2025.11.04 Típico/03.11.25 3pm a 12 am/hiv00005/results.json
2026-03-09 22:00:25,196 - INFO - JSON loaded successfully. Keys: ['video', 'total_frames', 'processed_frames', 'processing_time_seconds', 'effective_fps', 'counts', 'counting_lines', 'movements', 'types', 'config']
2026-03-09 22:00:25,196 - INFO - Removed 'Persona' from typologies (pedestrian counts separate)
2026-03-09 22:00:26,282 - INFO - Found 2 movements and 4 counting lines in configuration
2026-03-09 22:00:26,282 - INFO - Saving initial Excel with movements info...
2026-03-09 22:00:26,775 - INFO - Excel saved with movements. Now processing vehicle counts...
2026-03-09 22:00:26,775 - INFO - Prepared turns dictionary: {'N': [], 'S': [], 'E': ['M1'], 'O': ['M2']}
2026-03-09 22:00:26,775 - INFO - Connecting to database: /workspace/2025.11.04 Típico/03.11.25 3pm a 12 am/hiv00005/Conteos.db
2026-03-09 22:00:26,775 - INFO - Querying VehicleCounts table...
2026-03-09 22:00:26,776 - INFO - Found 385 vehicle records in database
2026-03-09 22:00:26,778 - INFO - Grouped vehicle records into 4 quarters
2026-03-09 22:00:26,779 - INFO - Processing quarter 14 with 14 records
2026-03-09 22:00:26,779 - INFO - Created temp folder: /workspace/2025.11.04 Típico/03.11.25 3pm a 12 am/hiv00005/temp_14
2026-03-09 22:00:26,800 - INFO - Created temp database with 14 records
2026-03-09 22:00:26,800 - INFO - Writing counts to Excel for quarter 14...
2026-03-09 22:00:27,287 - INFO - Successfully wrote quarter 14 to Excel
2026-03-09 22:00:27,287 - INFO - Cleaned up temp folder: /workspace/2025.11.04 Típico/03.11.25 3pm a 12 am/hiv00005/temp_14
2026-03-09 22:00:27,287 - INFO - Processing quarter 15 with 129 records
2026-03-09 22:00:27,288 - INFO - Created temp folder: /workspace/2025.11.04 Típico/03.11.25 3pm a 12 am/hiv00005/temp_15
2026-03-09 22:00:27,319 - INFO - Created temp database with 129 records
2026-03-09 22:00:27,319 - INFO - Writing counts to Excel for quarter 15...
2026-03-09 22:00:27,813 - INFO - Successfully wrote quarter 15 to Excel
2026-03-09 22:00:27,813 - INFO - Cleaned up temp folder: /workspace/2025.11.04 Típico/03.11.25 3pm a 12 am/hiv00005/temp_15
2026-03-09 22:00:27,813 - INFO - Processing quarter 16 with 136 records
2026-03-09 22:00:27,813 - INFO - Created temp folder: /workspace/2025.11.04 Típico/03.11.25 3pm a 12 am/hiv00005/temp_16
2026-03-09 22:00:27,843 - INFO - Created temp database with 136 records
2026-03-09 22:00:27,843 - INFO - Writing counts to Excel for quarter 16...
2026-03-09 22:00:28,332 - INFO - Successfully wrote quarter 16 to Excel
2026-03-09 22:00:28,333 - INFO - Cleaned up temp folder: /workspace/2025.11.04 Típico/03.11.25 3pm a 12 am/hiv00005/temp_16
2026-03-09 22:00:28,333 - INFO - Processing quarter 17 with 106 records
2026-03-09 22:00:28,333 - INFO - Created temp folder: /workspace/2025.11.04 Típico/03.11.25 3pm a 12 am/hiv00005/temp_17
2026-03-09 22:00:28,358 - INFO - Created temp database with 106 records
2026-03-09 22:00:28,358 - INFO - Writing counts to Excel for quarter 17...
2026-03-09 22:00:28,847 - INFO - Successfully wrote quarter 17 to Excel
2026-03-09 22:00:28,847 - INFO - Cleaned up temp folder: /workspace/2025.11.04 Típico/03.11.25 3pm a 12 am/hiv00005/temp_17
2026-03-09 22:00:28,847 - INFO - Successfully processed all quarters from database
2026-03-09 22:00:28,847 - INFO - Database connection closed
2026-03-09 22:00:29,587 - INFO - Excel workbook saved successfully to: /workspace/2025.11.04 Típico/03.11.25 3pm a 12 am/hiv00005/Conteos.xlsx
2026-03-09 22:05:22,188 - INFO - Processing database: /workspace/2025.11.04 Típico/03.11.25 3pm a 12 am/hiv00006/Conteos.db
2026-03-09 22:05:22,188 - INFO - Intersection name: Conteos
2026-03-09 22:05:22,188 - INFO - Project root: /workspace
2026-03-09 22:05:22,188 - INFO - Checking template at: /workspace/templates/template.xlsx
2026-03-09 22:05:22,188 - INFO - Found template at: /workspace/templates/template.xlsx
2026-03-09 22:05:22,189 - INFO - Created report template at: /workspace/2025.11.04 Típico/03.11.25 3pm a 12 am/hiv00006/Conteos.xlsx
2026-03-09 22:05:22,189 - INFO - Found typologies at: /workspace/templates/tipologias.txt
2026-03-09 22:05:22,189 - INFO - Loading configuration from: /workspace/2025.11.04 Típico/03.11.25 3pm a 12 am/hiv00006/results.json
2026-03-09 22:05:22,189 - INFO - JSON loaded successfully. Keys: ['video', 'total_frames', 'processed_frames', 'processing_time_seconds', 'effective_fps', 'counts', 'counting_lines', 'movements', 'types', 'config']
2026-03-09 22:05:22,189 - INFO - Removed 'Persona' from typologies (pedestrian counts separate)
2026-03-09 22:05:23,275 - INFO - Found 2 movements and 4 counting lines in configuration
2026-03-09 22:05:23,275 - INFO - Saving initial Excel with movements info...
2026-03-09 22:05:23,769 - INFO - Excel saved with movements. Now processing vehicle counts...
2026-03-09 22:05:23,769 - INFO - Prepared turns dictionary: {'N': [], 'S': [], 'E': ['M1'], 'O': ['M2']}
2026-03-09 22:05:23,770 - INFO - Connecting to database: /workspace/2025.11.04 Típico/03.11.25 3pm a 12 am/hiv00006/Conteos.db
2026-03-09 22:05:23,770 - INFO - Querying VehicleCounts table...
2026-03-09 22:05:23,770 - INFO - Found 337 vehicle records in database
2026-03-09 22:05:23,772 - INFO - Grouped vehicle records into 4 quarters
2026-03-09 22:05:23,772 - INFO - Processing quarter 17 with 33 records
2026-03-09 22:05:23,773 - INFO - Created temp folder: /workspace/2025.11.04 Típico/03.11.25 3pm a 12 am/hiv00006/temp_17
2026-03-09 22:05:23,800 - INFO - Created temp database with 33 records
2026-03-09 22:05:23,800 - INFO - Writing counts to Excel for quarter 17...
2026-03-09 22:05:24,288 - INFO - Successfully wrote quarter 17 to Excel
2026-03-09 22:05:24,288 - INFO - Cleaned up temp folder: /workspace/2025.11.04 Típico/03.11.25 3pm a 12 am/hiv00006/temp_17
2026-03-09 22:05:24,288 - INFO - Processing quarter 18 with 116 records
2026-03-09 22:05:24,288 - INFO - Created temp folder: /workspace/2025.11.04 Típico/03.11.25 3pm a 12 am/hiv00006/temp_18
2026-03-09 22:05:24,312 - INFO - Created temp database with 116 records
2026-03-09 22:05:24,312 - INFO - Writing counts to Excel for quarter 18...
2026-03-09 22:05:24,801 - INFO - Successfully wrote quarter 18 to Excel
2026-03-09 22:05:24,802 - INFO - Cleaned up temp folder: /workspace/2025.11.04 Típico/03.11.25 3pm a 12 am/hiv00006/temp_18
2026-03-09 22:05:24,802 - INFO - Processing quarter 19 with 133 records
2026-03-09 22:05:24,802 - INFO - Created temp folder: /workspace/2025.11.04 Típico/03.11.25 3pm a 12 am/hiv00006/temp_19
2026-03-09 22:05:24,827 - INFO - Created temp database with 133 records
2026-03-09 22:05:24,827 - INFO - Writing counts to Excel for quarter 19...
2026-03-09 22:05:25,314 - INFO - Successfully wrote quarter 19 to Excel
2026-03-09 22:05:25,314 - INFO - Cleaned up temp folder: /workspace/2025.11.04 Típico/03.11.25 3pm a 12 am/hiv00006/temp_19
2026-03-09 22:05:25,314 - INFO - Processing quarter 20 with 55 records
2026-03-09 22:05:25,314 - INFO - Created temp folder: /workspace/2025.11.04 Típico/03.11.25 3pm a 12 am/hiv00006/temp_20
2026-03-09 22:05:25,345 - INFO - Created temp database with 55 records
2026-03-09 22:05:25,345 - INFO - Writing counts to Excel for quarter 20...
2026-03-09 22:05:25,831 - INFO - Successfully wrote quarter 20 to Excel
2026-03-09 22:05:25,831 - INFO - Cleaned up temp folder: /workspace/2025.11.04 Típico/03.11.25 3pm a 12 am/hiv00006/temp_20
2026-03-09 22:05:25,831 - INFO - Successfully processed all quarters from database
2026-03-09 22:05:25,832 - INFO - Database connection closed
2026-03-09 22:05:26,565 - INFO - Excel workbook saved successfully to: /workspace/2025.11.04 Típico/03.11.25 3pm a 12 am/hiv00006/Conteos.xlsx
2026-03-09 22:10:16,475 - INFO - Processing database: /workspace/2025.11.04 Típico/03.11.25 3pm a 12 am/hiv00007/Conteos.db
2026-03-09 22:10:16,475 - INFO - Intersection name: Conteos
2026-03-09 22:10:16,475 - INFO - Project root: /workspace
2026-03-09 22:10:16,475 - INFO - Checking template at: /workspace/templates/template.xlsx
2026-03-09 22:10:16,475 - INFO - Found template at: /workspace/templates/template.xlsx
2026-03-09 22:10:16,475 - INFO - Created report template at: /workspace/2025.11.04 Típico/03.11.25 3pm a 12 am/hiv00007/Conteos.xlsx
2026-03-09 22:10:16,475 - INFO - Found typologies at: /workspace/templates/tipologias.txt
2026-03-09 22:10:16,476 - INFO - Loading configuration from: /workspace/2025.11.04 Típico/03.11.25 3pm a 12 am/hiv00007/results.json
2026-03-09 22:10:16,476 - INFO - JSON loaded successfully. Keys: ['video', 'total_frames', 'processed_frames', 'processing_time_seconds', 'effective_fps', 'counts', 'counting_lines', 'movements', 'types', 'config']
2026-03-09 22:10:16,476 - INFO - Removed 'Persona' from typologies (pedestrian counts separate)
2026-03-09 22:10:17,570 - INFO - Found 2 movements and 4 counting lines in configuration
2026-03-09 22:10:17,571 - INFO - Saving initial Excel with movements info...
2026-03-09 22:10:18,069 - INFO - Excel saved with movements. Now processing vehicle counts...
2026-03-09 22:10:18,069 - INFO - Prepared turns dictionary: {'N': [], 'S': [], 'E': ['M1'], 'O': ['M2']}
2026-03-09 22:10:18,069 - INFO - Connecting to database: /workspace/2025.11.04 Típico/03.11.25 3pm a 12 am/hiv00007/Conteos.db
2026-03-09 22:10:18,069 - INFO - Querying VehicleCounts table...
2026-03-09 22:10:18,070 - INFO - Found 364 vehicle records in database
2026-03-09 22:10:18,072 - INFO - Grouped vehicle records into 4 quarters
2026-03-09 22:10:18,072 - INFO - Processing quarter 20 with 74 records
2026-03-09 22:10:18,072 - INFO - Created temp folder: /workspace/2025.11.04 Típico/03.11.25 3pm a 12 am/hiv00007/temp_20
2026-03-09 22:10:18,102 - INFO - Created temp database with 74 records
2026-03-09 22:10:18,102 - INFO - Writing counts to Excel for quarter 20...
2026-03-09 22:10:18,593 - INFO - Successfully wrote quarter 20 to Excel
2026-03-09 22:10:18,593 - INFO - Cleaned up temp folder: /workspace/2025.11.04 Típico/03.11.25 3pm a 12 am/hiv00007/temp_20
2026-03-09 22:10:18,593 - INFO - Processing quarter 21 with 112 records
2026-03-09 22:10:18,593 - INFO - Created temp folder: /workspace/2025.11.04 Típico/03.11.25 3pm a 12 am/hiv00007/temp_21
2026-03-09 22:10:18,617 - INFO - Created temp database with 112 records
2026-03-09 22:10:18,617 - INFO - Writing counts to Excel for quarter 21...
2026-03-09 22:10:19,099 - INFO - Successfully wrote quarter 21 to Excel
2026-03-09 22:10:19,100 - INFO - Cleaned up temp folder: /workspace/2025.11.04 Típico/03.11.25 3pm a 12 am/hiv00007/temp_21
2026-03-09 22:10:19,100 - INFO - Processing quarter 22 with 147 records
2026-03-09 22:10:19,100 - INFO - Created temp folder: /workspace/2025.11.04 Típico/03.11.25 3pm a 12 am/hiv00007/temp_22
2026-03-09 22:10:19,128 - INFO - Created temp database with 147 records
2026-03-09 22:10:19,128 - INFO - Writing counts to Excel for quarter 22...
2026-03-09 22:10:19,618 - INFO - Successfully wrote quarter 22 to Excel
2026-03-09 22:10:19,618 - INFO - Cleaned up temp folder: /workspace/2025.11.04 Típico/03.11.25 3pm a 12 am/hiv00007/temp_22
2026-03-09 22:10:19,618 - INFO - Processing quarter 23 with 31 records
2026-03-09 22:10:19,618 - INFO - Created temp folder: /workspace/2025.11.04 Típico/03.11.25 3pm a 12 am/hiv00007/temp_23
2026-03-09 22:10:19,640 - INFO - Created temp database with 31 records
2026-03-09 22:10:19,640 - INFO - Writing counts to Excel for quarter 23...
2026-03-09 22:10:20,131 - INFO - Successfully wrote quarter 23 to Excel
2026-03-09 22:10:20,131 - INFO - Cleaned up temp folder: /workspace/2025.11.04 Típico/03.11.25 3pm a 12 am/hiv00007/temp_23
2026-03-09 22:10:20,131 - INFO - Successfully processed all quarters from database
2026-03-09 22:10:20,132 - INFO - Database connection closed
2026-03-09 22:10:20,621 - INFO - Excel workbook saved successfully to: /workspace/2025.11.04 Típico/03.11.25 3pm a 12 am/hiv00007/Conteos.xlsx
2026-03-09 22:15:48,617 - INFO - Processing database: /workspace/2025.11.04 Típico/03.11.25 3pm a 12 am/hiv00008/Conteos.db
2026-03-09 22:15:48,617 - INFO - Intersection name: Conteos
2026-03-09 22:15:48,617 - INFO - Project root: /workspace
2026-03-09 22:15:48,617 - INFO - Checking template at: /workspace/templates/template.xlsx
2026-03-09 22:15:48,617 - INFO - Found template at: /workspace/templates/template.xlsx
2026-03-09 22:15:48,618 - INFO - Created report template at: /workspace/2025.11.04 Típico/03.11.25 3pm a 12 am/hiv00008/Conteos.xlsx
2026-03-09 22:15:48,618 - INFO - Found typologies at: /workspace/templates/tipologias.txt
2026-03-09 22:15:48,618 - INFO - Loading configuration from: /workspace/2025.11.04 Típico/03.11.25 3pm a 12 am/hiv00008/results.json
2026-03-09 22:15:48,618 - INFO - JSON loaded successfully. Keys: ['video', 'total_frames', 'processed_frames', 'processing_time_seconds', 'effective_fps', 'counts', 'counting_lines', 'movements', 'types', 'config']
2026-03-09 22:15:48,618 - INFO - Removed 'Persona' from typologies (pedestrian counts separate)
2026-03-09 22:15:49,631 - INFO - Found 2 movements and 4 counting lines in configuration
2026-03-09 22:15:49,632 - INFO - Saving initial Excel with movements info...
2026-03-09 22:15:50,143 - INFO - Excel saved with movements. Now processing vehicle counts...
2026-03-09 22:15:50,143 - INFO - Prepared turns dictionary: {'N': [], 'S': [], 'E': ['M1'], 'O': ['M2']}
2026-03-09 22:15:50,143 - INFO - Connecting to database: /workspace/2025.11.04 Típico/03.11.25 3pm a 12 am/hiv00008/Conteos.db
2026-03-09 22:15:50,143 - INFO - Querying VehicleCounts table...
2026-03-09 22:15:50,144 - INFO - Found 470 vehicle records in database
2026-03-09 22:15:50,147 - INFO - Grouped vehicle records into 4 quarters
2026-03-09 22:15:50,147 - INFO - Processing quarter 23 with 36 records
2026-03-09 22:15:50,147 - INFO - Created temp folder: /workspace/2025.11.04 Típico/03.11.25 3pm a 12 am/hiv00008/temp_23
2026-03-09 22:15:50,174 - INFO - Created temp database with 36 records
2026-03-09 22:15:50,174 - INFO - Writing counts to Excel for quarter 23...
2026-03-09 22:15:50,660 - INFO - Successfully wrote quarter 23 to Excel
2026-03-09 22:15:50,660 - INFO - Cleaned up temp folder: /workspace/2025.11.04 Típico/03.11.25 3pm a 12 am/hiv00008/temp_23
2026-03-09 22:15:50,661 - INFO - Processing quarter 24 with 155 records
2026-03-09 22:15:50,661 - INFO - Created temp folder: /workspace/2025.11.04 Típico/03.11.25 3pm a 12 am/hiv00008/temp_24
2026-03-09 22:15:50,691 - INFO - Created temp database with 155 records
2026-03-09 22:15:50,691 - INFO - Writing counts to Excel for quarter 24...
2026-03-09 22:15:51,180 - INFO - Successfully wrote quarter 24 to Excel
2026-03-09 22:15:51,180 - INFO - Cleaned up temp folder: /workspace/2025.11.04 Típico/03.11.25 3pm a 12 am/hiv00008/temp_24
2026-03-09 22:15:51,180 - INFO - Processing quarter 25 with 164 records
2026-03-09 22:15:51,180 - INFO - Created temp folder: /workspace/2025.11.04 Típico/03.11.25 3pm a 12 am/hiv00008/temp_25
2026-03-09 22:15:51,213 - INFO - Created temp database with 164 records
2026-03-09 22:15:51,213 - INFO - Writing counts to Excel for quarter 25...
2026-03-09 22:15:51,694 - INFO - Successfully wrote quarter 25 to Excel
2026-03-09 22:15:51,695 - INFO - Cleaned up temp folder: /workspace/2025.11.04 Típico/03.11.25 3pm a 12 am/hiv00008/temp_25
2026-03-09 22:15:51,695 - INFO - Processing quarter 26 with 115 records
2026-03-09 22:15:51,695 - INFO - Created temp folder: /workspace/2025.11.04 Típico/03.11.25 3pm a 12 am/hiv00008/temp_26
2026-03-09 22:15:51,726 - INFO - Created temp database with 115 records
2026-03-09 22:15:51,726 - INFO - Writing counts to Excel for quarter 26...
2026-03-09 22:15:52,473 - INFO - Successfully wrote quarter 26 to Excel
2026-03-09 22:15:52,473 - INFO - Cleaned up temp folder: /workspace/2025.11.04 Típico/03.11.25 3pm a 12 am/hiv00008/temp_26
2026-03-09 22:15:52,473 - INFO - Successfully processed all quarters from database
2026-03-09 22:15:52,473 - INFO - Database connection closed
2026-03-09 22:15:52,962 - INFO - Excel workbook saved successfully to: /workspace/2025.11.04 Típico/03.11.25 3pm a 12 am/hiv00008/Conteos.xlsx
2026-03-09 22:20:31,908 - INFO - Processing database: /workspace/2025.11.04 Típico/03.11.25 3pm a 12 am/hiv00009/Conteos.db
2026-03-09 22:20:31,908 - INFO - Intersection name: Conteos
2026-03-09 22:20:31,908 - INFO - Project root: /workspace
2026-03-09 22:20:31,909 - INFO - Checking template at: /workspace/templates/template.xlsx
2026-03-09 22:20:31,909 - INFO - Found template at: /workspace/templates/template.xlsx
2026-03-09 22:20:31,909 - INFO - Created report template at: /workspace/2025.11.04 Típico/03.11.25 3pm a 12 am/hiv00009/Conteos.xlsx
2026-03-09 22:20:31,909 - INFO - Found typologies at: /workspace/templates/tipologias.txt
2026-03-09 22:20:31,909 - INFO - Loading configuration from: /workspace/2025.11.04 Típico/03.11.25 3pm a 12 am/hiv00009/results.json
2026-03-09 22:20:31,909 - INFO - JSON loaded successfully. Keys: ['video', 'total_frames', 'processed_frames', 'processing_time_seconds', 'effective_fps', 'counts', 'counting_lines', 'movements', 'types', 'config']
2026-03-09 22:20:31,909 - INFO - Removed 'Persona' from typologies (pedestrian counts separate)
2026-03-09 22:20:32,997 - INFO - Found 2 movements and 4 counting lines in configuration
2026-03-09 22:20:32,997 - INFO - Saving initial Excel with movements info...
2026-03-09 22:20:33,495 - INFO - Excel saved with movements. Now processing vehicle counts...
2026-03-09 22:20:33,495 - INFO - Prepared turns dictionary: {'N': [], 'S': [], 'E': ['M1'], 'O': ['M2']}
2026-03-09 22:20:33,495 - INFO - Connecting to database: /workspace/2025.11.04 Típico/03.11.25 3pm a 12 am/hiv00009/Conteos.db
2026-03-09 22:20:33,495 - INFO - Querying VehicleCounts table...
2026-03-09 22:20:33,496 - INFO - Found 462 vehicle records in database
2026-03-09 22:20:33,499 - INFO - Grouped vehicle records into 3 quarters
2026-03-09 22:20:33,499 - INFO - Processing quarter 26 with 153 records
2026-03-09 22:20:33,499 - INFO - Created temp folder: /workspace/2025.11.04 Típico/03.11.25 3pm a 12 am/hiv00009/temp_26
2026-03-09 22:20:33,529 - INFO - Created temp database with 153 records
2026-03-09 22:20:33,529 - INFO - Writing counts to Excel for quarter 26...
2026-03-09 22:20:34,016 - INFO - Successfully wrote quarter 26 to Excel
2026-03-09 22:20:34,016 - INFO - Cleaned up temp folder: /workspace/2025.11.04 Típico/03.11.25 3pm a 12 am/hiv00009/temp_26
2026-03-09 22:20:34,016 - INFO - Processing quarter 27 with 201 records
2026-03-09 22:20:34,016 - INFO - Created temp folder: /workspace/2025.11.04 Típico/03.11.25 3pm a 12 am/hiv00009/temp_27
2026-03-09 22:20:34,040 - INFO - Created temp database with 201 records
2026-03-09 22:20:34,040 - INFO - Writing counts to Excel for quarter 27...
2026-03-09 22:20:34,529 - INFO - Successfully wrote quarter 27 to Excel
2026-03-09 22:20:34,529 - INFO - Cleaned up temp folder: /workspace/2025.11.04 Típico/03.11.25 3pm a 12 am/hiv00009/temp_27
2026-03-09 22:20:34,529 - INFO - Processing quarter 28 with 108 records
2026-03-09 22:20:34,529 - INFO - Created temp folder: /workspace/2025.11.04 Típico/03.11.25 3pm a 12 am/hiv00009/temp_28
2026-03-09 22:20:34,559 - INFO - Created temp database with 108 records
2026-03-09 22:20:34,559 - INFO - Writing counts to Excel for quarter 28...
2026-03-09 22:20:35,047 - INFO - Successfully wrote quarter 28 to Excel
2026-03-09 22:20:35,047 - INFO - Cleaned up temp folder: /workspace/2025.11.04 Típico/03.11.25 3pm a 12 am/hiv00009/temp_28
2026-03-09 22:20:35,047 - INFO - Successfully processed all quarters from database
2026-03-09 22:20:35,047 - INFO - Database connection closed
2026-03-09 22:20:35,537 - INFO - Excel workbook saved successfully to: /workspace/2025.11.04 Típico/03.11.25 3pm a 12 am/hiv00009/Conteos.xlsx
2026-03-09 22:24:37,636 - INFO - Processing database: /workspace/2025.11.04 Típico/03.11.25 3pm a 12 am/hiv00010/Conteos.db
2026-03-09 22:24:37,636 - INFO - Intersection name: Conteos
2026-03-09 22:24:37,636 - INFO - Project root: /workspace
2026-03-09 22:24:37,636 - INFO - Checking template at: /workspace/templates/template.xlsx
2026-03-09 22:24:37,636 - INFO - Found template at: /workspace/templates/template.xlsx
2026-03-09 22:24:37,637 - INFO - Created report template at: /workspace/2025.11.04 Típico/03.11.25 3pm a 12 am/hiv00010/Conteos.xlsx
2026-03-09 22:24:37,637 - INFO - Found typologies at: /workspace/templates/tipologias.txt
2026-03-09 22:24:37,637 - INFO - Loading configuration from: /workspace/2025.11.04 Típico/03.11.25 3pm a 12 am/hiv00010/results.json
2026-03-09 22:24:37,637 - INFO - JSON loaded successfully. Keys: ['video', 'total_frames', 'processed_frames', 'processing_time_seconds', 'effective_fps', 'counts', 'counting_lines', 'movements', 'types', 'config']
2026-03-09 22:24:37,637 - INFO - Removed 'Persona' from typologies (pedestrian counts separate)
2026-03-09 22:24:38,638 - INFO - Found 2 movements and 4 counting lines in configuration
2026-03-09 22:24:38,639 - INFO - Saving initial Excel with movements info...
2026-03-09 22:24:39,134 - INFO - Excel saved with movements. Now processing vehicle counts...
2026-03-09 22:24:39,134 - INFO - Prepared turns dictionary: {'N': [], 'S': [], 'E': ['M1'], 'O': ['M2']}
2026-03-09 22:24:39,134 - INFO - Connecting to database: /workspace/2025.11.04 Típico/03.11.25 3pm a 12 am/hiv00010/Conteos.db
2026-03-09 22:24:39,134 - INFO - Querying VehicleCounts table...
2026-03-09 22:24:39,134 - INFO - Found 138 vehicle records in database
2026-03-09 22:24:39,135 - INFO - Grouped vehicle records into 4 quarters
2026-03-09 22:24:39,135 - INFO - Processing quarter 28 with 16 records
2026-03-09 22:24:39,136 - INFO - Created temp folder: /workspace/2025.11.04 Típico/03.11.25 3pm a 12 am/hiv00010/temp_28
2026-03-09 22:24:39,164 - INFO - Created temp database with 16 records
2026-03-09 22:24:39,164 - INFO - Writing counts to Excel for quarter 28...
2026-03-09 22:24:39,659 - INFO - Successfully wrote quarter 28 to Excel
2026-03-09 22:24:39,659 - INFO - Cleaned up temp folder: /workspace/2025.11.04 Típico/03.11.25 3pm a 12 am/hiv00010/temp_28
2026-03-09 22:24:39,659 - INFO - Processing quarter 29 with 60 records
2026-03-09 22:24:39,660 - INFO - Created temp folder: /workspace/2025.11.04 Típico/03.11.25 3pm a 12 am/hiv00010/temp_29
2026-03-09 22:24:39,686 - INFO - Created temp database with 60 records
2026-03-09 22:24:39,686 - INFO - Writing counts to Excel for quarter 29...
2026-03-09 22:24:40,178 - INFO - Successfully wrote quarter 29 to Excel
2026-03-09 22:24:40,179 - INFO - Cleaned up temp folder: /workspace/2025.11.04 Típico/03.11.25 3pm a 12 am/hiv00010/temp_29
2026-03-09 22:24:40,179 - INFO - Processing quarter 30 with 58 records
2026-03-09 22:24:40,179 - INFO - Created temp folder: /workspace/2025.11.04 Típico/03.11.25 3pm a 12 am/hiv00010/temp_30
2026-03-09 22:24:40,204 - INFO - Created temp database with 58 records
2026-03-09 22:24:40,204 - INFO - Writing counts to Excel for quarter 30...
2026-03-09 22:24:40,696 - INFO - Successfully wrote quarter 30 to Excel
2026-03-09 22:24:40,696 - INFO - Cleaned up temp folder: /workspace/2025.11.04 Típico/03.11.25 3pm a 12 am/hiv00010/temp_30
2026-03-09 22:24:40,696 - INFO - Processing quarter 31 with 4 records
2026-03-09 22:24:40,696 - INFO - Created temp folder: /workspace/2025.11.04 Típico/03.11.25 3pm a 12 am/hiv00010/temp_31
2026-03-09 22:24:40,725 - INFO - Created temp database with 4 records
2026-03-09 22:24:40,725 - INFO - Writing counts to Excel for quarter 31...
2026-03-09 22:24:41,216 - INFO - Successfully wrote quarter 31 to Excel
2026-03-09 22:24:41,216 - INFO - Cleaned up temp folder: /workspace/2025.11.04 Típico/03.11.25 3pm a 12 am/hiv00010/temp_31
2026-03-09 22:24:41,216 - INFO - Successfully processed all quarters from database
2026-03-09 22:24:41,216 - INFO - Database connection closed
2026-03-09 22:24:41,943 - INFO - Excel workbook saved successfully to: /workspace/2025.11.04 Típico/03.11.25 3pm a 12 am/hiv00010/Conteos.xlsx
2026-03-09 22:28:56,914 - INFO - Processing database: /workspace/2025.11.04 Típico/03.11.25 3pm a 12 am/hiv00011/Conteos.db
2026-03-09 22:28:56,914 - INFO - Intersection name: Conteos
2026-03-09 22:28:56,914 - INFO - Project root: /workspace
2026-03-09 22:28:56,914 - INFO - Checking template at: /workspace/templates/template.xlsx
2026-03-09 22:28:56,914 - INFO - Found template at: /workspace/templates/template.xlsx
2026-03-09 22:28:56,915 - INFO - Created report template at: /workspace/2025.11.04 Típico/03.11.25 3pm a 12 am/hiv00011/Conteos.xlsx
2026-03-09 22:28:56,915 - INFO - Found typologies at: /workspace/templates/tipologias.txt
2026-03-09 22:28:56,915 - INFO - Loading configuration from: /workspace/2025.11.04 Típico/03.11.25 3pm a 12 am/hiv00011/results.json
2026-03-09 22:28:56,915 - INFO - JSON loaded successfully. Keys: ['video', 'total_frames', 'processed_frames', 'processing_time_seconds', 'effective_fps', 'counts', 'counting_lines', 'movements', 'types', 'config']
2026-03-09 22:28:56,915 - INFO - Removed 'Persona' from typologies (pedestrian counts separate)
2026-03-09 22:28:57,969 - INFO - Found 2 movements and 4 counting lines in configuration
2026-03-09 22:28:57,969 - INFO - Saving initial Excel with movements info...
2026-03-09 22:28:58,465 - INFO - Excel saved with movements. Now processing vehicle counts...
2026-03-09 22:28:58,465 - INFO - Prepared turns dictionary: {'N': [], 'S': [], 'E': ['M1'], 'O': ['M2']}
2026-03-09 22:28:58,465 - INFO - Connecting to database: /workspace/2025.11.04 Típico/03.11.25 3pm a 12 am/hiv00011/Conteos.db
2026-03-09 22:28:58,465 - INFO - Querying VehicleCounts table...
2026-03-09 22:28:58,466 - INFO - Found 123 vehicle records in database
2026-03-09 22:28:58,467 - INFO - Grouped vehicle records into 3 quarters
2026-03-09 22:28:58,467 - INFO - Processing quarter 31 with 43 records
2026-03-09 22:28:58,467 - INFO - Created temp folder: /workspace/2025.11.04 Típico/03.11.25 3pm a 12 am/hiv00011/temp_31
2026-03-09 22:28:58,498 - INFO - Created temp database with 43 records
2026-03-09 22:28:58,498 - INFO - Writing counts to Excel for quarter 31...
2026-03-09 22:28:58,993 - INFO - Successfully wrote quarter 31 to Excel
2026-03-09 22:28:58,993 - INFO - Cleaned up temp folder: /workspace/2025.11.04 Típico/03.11.25 3pm a 12 am/hiv00011/temp_31
2026-03-09 22:28:58,993 - INFO - Processing quarter 32 with 45 records
2026-03-09 22:28:58,993 - INFO - Created temp folder: /workspace/2025.11.04 Típico/03.11.25 3pm a 12 am/hiv00011/temp_32
2026-03-09 22:28:59,024 - INFO - Created temp database with 45 records
2026-03-09 22:28:59,024 - INFO - Writing counts to Excel for quarter 32...
2026-03-09 22:28:59,521 - INFO - Successfully wrote quarter 32 to Excel
2026-03-09 22:28:59,522 - INFO - Cleaned up temp folder: /workspace/2025.11.04 Típico/03.11.25 3pm a 12 am/hiv00011/temp_32
2026-03-09 22:28:59,522 - INFO - Processing quarter 33 with 35 records
2026-03-09 22:28:59,522 - INFO - Created temp folder: /workspace/2025.11.04 Típico/03.11.25 3pm a 12 am/hiv00011/temp_33
2026-03-09 22:28:59,551 - INFO - Created temp database with 35 records
2026-03-09 22:28:59,551 - INFO - Writing counts to Excel for quarter 33...
2026-03-09 22:29:00,046 - INFO - Successfully wrote quarter 33 to Excel
2026-03-09 22:29:00,046 - INFO - Cleaned up temp folder: /workspace/2025.11.04 Típico/03.11.25 3pm a 12 am/hiv00011/temp_33
2026-03-09 22:29:00,046 - INFO - Successfully processed all quarters from database
2026-03-09 22:29:00,046 - INFO - Database connection closed
2026-03-09 22:29:00,543 - INFO - Excel workbook saved successfully to: /workspace/2025.11.04 Típico/03.11.25 3pm a 12 am/hiv00011/Conteos.xlsx
2026-03-09 22:33:27,620 - INFO - Processing database: /workspace/2025.11.04 Típico/03.11.25 3pm a 12 am/hiv00012/Conteos.db
2026-03-09 22:33:27,620 - INFO - Intersection name: Conteos
2026-03-09 22:33:27,620 - INFO - Project root: /workspace
2026-03-09 22:33:27,620 - INFO - Checking template at: /workspace/templates/template.xlsx
2026-03-09 22:33:27,620 - INFO - Found template at: /workspace/templates/template.xlsx
2026-03-09 22:33:27,620 - INFO - Created report template at: /workspace/2025.11.04 Típico/03.11.25 3pm a 12 am/hiv00012/Conteos.xlsx
2026-03-09 22:33:27,620 - INFO - Found typologies at: /workspace/templates/tipologias.txt
2026-03-09 22:33:27,620 - INFO - Loading configuration from: /workspace/2025.11.04 Típico/03.11.25 3pm a 12 am/hiv00012/results.json
2026-03-09 22:33:27,621 - INFO - JSON loaded successfully. Keys: ['video', 'total_frames', 'processed_frames', 'processing_time_seconds', 'effective_fps', 'counts', 'counting_lines', 'movements', 'types', 'config']
2026-03-09 22:33:27,621 - INFO - Removed 'Persona' from typologies (pedestrian counts separate)
2026-03-09 22:33:28,632 - INFO - Found 2 movements and 4 counting lines in configuration
2026-03-09 22:33:28,632 - INFO - Saving initial Excel with movements info...
2026-03-09 22:33:29,128 - INFO - Excel saved with movements. Now processing vehicle counts...
2026-03-09 22:33:29,128 - INFO - Prepared turns dictionary: {'N': [], 'S': [], 'E': ['M1'], 'O': ['M2']}
2026-03-09 22:33:29,128 - INFO - Connecting to database: /workspace/2025.11.04 Típico/03.11.25 3pm a 12 am/hiv00012/Conteos.db
2026-03-09 22:33:29,128 - INFO - Querying VehicleCounts table...
2026-03-09 22:33:29,129 - INFO - Found 127 vehicle records in database
2026-03-09 22:33:29,129 - INFO - Grouped vehicle records into 4 quarters
2026-03-09 22:33:29,130 - INFO - Processing quarter 33 with 22 records
2026-03-09 22:33:29,130 - INFO - Created temp folder: /workspace/2025.11.04 Típico/03.11.25 3pm a 12 am/hiv00012/temp_33
2026-03-09 22:33:29,159 - INFO - Created temp database with 22 records
2026-03-09 22:33:29,159 - INFO - Writing counts to Excel for quarter 33...
2026-03-09 22:33:29,651 - INFO - Successfully wrote quarter 33 to Excel
2026-03-09 22:33:29,651 - INFO - Cleaned up temp folder: /workspace/2025.11.04 Típico/03.11.25 3pm a 12 am/hiv00012/temp_33
2026-03-09 22:33:29,651 - INFO - Processing quarter 34 with 61 records
2026-03-09 22:33:29,651 - INFO - Created temp folder: /workspace/2025.11.04 Típico/03.11.25 3pm a 12 am/hiv00012/temp_34
2026-03-09 22:33:29,677 - INFO - Created temp database with 61 records
2026-03-09 22:33:29,677 - INFO - Writing counts to Excel for quarter 34...
2026-03-09 22:33:30,169 - INFO - Successfully wrote quarter 34 to Excel
2026-03-09 22:33:30,169 - INFO - Cleaned up temp folder: /workspace/2025.11.04 Típico/03.11.25 3pm a 12 am/hiv00012/temp_34
2026-03-09 22:33:30,169 - INFO - Processing quarter 35 with 36 records
2026-03-09 22:33:30,169 - INFO - Created temp folder: /workspace/2025.11.04 Típico/03.11.25 3pm a 12 am/hiv00012/temp_35
2026-03-09 22:33:30,195 - INFO - Created temp database with 36 records
2026-03-09 22:33:30,195 - INFO - Writing counts to Excel for quarter 35...
2026-03-09 22:33:30,686 - INFO - Successfully wrote quarter 35 to Excel
2026-03-09 22:33:30,687 - INFO - Cleaned up temp folder: /workspace/2025.11.04 Típico/03.11.25 3pm a 12 am/hiv00012/temp_35
2026-03-09 22:33:30,687 - INFO - Processing quarter 36 with 8 records
2026-03-09 22:33:30,687 - INFO - Created temp folder: /workspace/2025.11.04 Típico/03.11.25 3pm a 12 am/hiv00012/temp_36
2026-03-09 22:33:30,717 - INFO - Created temp database with 8 records
2026-03-09 22:33:30,717 - INFO - Writing counts to Excel for quarter 36...
2026-03-09 22:33:31,452 - INFO - Successfully wrote quarter 36 to Excel
2026-03-09 22:33:31,452 - INFO - Cleaned up temp folder: /workspace/2025.11.04 Típico/03.11.25 3pm a 12 am/hiv00012/temp_36
2026-03-09 22:33:31,452 - INFO - Successfully processed all quarters from database
2026-03-09 22:33:31,453 - INFO - Database connection closed
2026-03-09 22:33:31,945 - INFO - Excel workbook saved successfully to: /workspace/2025.11.04 Típico/03.11.25 3pm a 12 am/hiv00012/Conteos.xlsx
2026-03-09 22:38:07,885 - INFO - Processing database: /workspace/2025.11.04 Típico/03.11.25 3pm a 12 am/hiv00013/Conteos.db
2026-03-09 22:38:07,885 - INFO - Intersection name: Conteos
2026-03-09 22:38:07,885 - INFO - Project root: /workspace
2026-03-09 22:38:07,885 - INFO - Checking template at: /workspace/templates/template.xlsx
2026-03-09 22:38:07,885 - INFO - Found template at: /workspace/templates/template.xlsx
2026-03-09 22:38:07,885 - INFO - Created report template at: /workspace/2025.11.04 Típico/03.11.25 3pm a 12 am/hiv00013/Conteos.xlsx
2026-03-09 22:38:07,885 - INFO - Found typologies at: /workspace/templates/tipologias.txt
2026-03-09 22:38:07,886 - INFO - Loading configuration from: /workspace/2025.11.04 Típico/03.11.25 3pm a 12 am/hiv00013/results.json
2026-03-09 22:38:07,886 - INFO - JSON loaded successfully. Keys: ['video', 'total_frames', 'processed_frames', 'processing_time_seconds', 'effective_fps', 'counts', 'counting_lines', 'movements', 'types', 'config']
2026-03-09 22:38:07,886 - INFO - Removed 'Persona' from typologies (pedestrian counts separate)
2026-03-09 22:38:08,980 - INFO - Found 2 movements and 4 counting lines in configuration
2026-03-09 22:38:08,981 - INFO - Saving initial Excel with movements info...
2026-03-09 22:38:09,478 - INFO - Excel saved with movements. Now processing vehicle counts...
2026-03-09 22:38:09,478 - INFO - Prepared turns dictionary: {'N': [], 'S': [], 'E': ['M1'], 'O': ['M2']}
2026-03-09 22:38:09,478 - INFO - Connecting to database: /workspace/2025.11.04 Típico/03.11.25 3pm a 12 am/hiv00013/Conteos.db
2026-03-09 22:38:09,478 - INFO - Querying VehicleCounts table...
2026-03-09 22:38:09,478 - INFO - Found 98 vehicle records in database
2026-03-09 22:38:09,479 - INFO - Grouped vehicle records into 3 quarters
2026-03-09 22:38:09,479 - INFO - Processing quarter 36 with 38 records
2026-03-09 22:38:09,479 - INFO - Created temp folder: /workspace/2025.11.04 Típico/03.11.25 3pm a 12 am/hiv00013/temp_36
2026-03-09 22:38:09,511 - INFO - Created temp database with 38 records
2026-03-09 22:38:09,511 - INFO - Writing counts to Excel for quarter 36...
2026-03-09 22:38:10,004 - INFO - Successfully wrote quarter 36 to Excel
2026-03-09 22:38:10,005 - INFO - Cleaned up temp folder: /workspace/2025.11.04 Típico/03.11.25 3pm a 12 am/hiv00013/temp_36
2026-03-09 22:38:10,005 - INFO - Processing quarter 37 with 40 records
2026-03-09 22:38:10,005 - INFO - Created temp folder: /workspace/2025.11.04 Típico/03.11.25 3pm a 12 am/hiv00013/temp_37
2026-03-09 22:38:10,036 - INFO - Created temp database with 40 records
2026-03-09 22:38:10,036 - INFO - Writing counts to Excel for quarter 37...
2026-03-09 22:38:10,529 - INFO - Successfully wrote quarter 37 to Excel
2026-03-09 22:38:10,530 - INFO - Cleaned up temp folder: /workspace/2025.11.04 Típico/03.11.25 3pm a 12 am/hiv00013/temp_37
2026-03-09 22:38:10,530 - INFO - Processing quarter 38 with 20 records
2026-03-09 22:38:10,530 - INFO - Created temp folder: /workspace/2025.11.04 Típico/03.11.25 3pm a 12 am/hiv00013/temp_38
2026-03-09 22:38:10,559 - INFO - Created temp database with 20 records
2026-03-09 22:38:10,559 - INFO - Writing counts to Excel for quarter 38...
2026-03-09 22:38:11,055 - INFO - Successfully wrote quarter 38 to Excel
2026-03-09 22:38:11,055 - INFO - Cleaned up temp folder: /workspace/2025.11.04 Típico/03.11.25 3pm a 12 am/hiv00013/temp_38
2026-03-09 22:38:11,055 - INFO - Successfully processed all quarters from database
2026-03-09 22:38:11,055 - INFO - Database connection closed
2026-03-09 22:38:11,792 - INFO - Excel workbook saved successfully to: /workspace/2025.11.04 Típico/03.11.25 3pm a 12 am/hiv00013/Conteos.xlsx
2026-03-09 22:43:02,824 - INFO - Processing database: /workspace/2025.11.04 Típico/03.11.25 3pm a 12 am/hiv00014/Conteos.db
2026-03-09 22:43:02,824 - INFO - Intersection name: Conteos
2026-03-09 22:43:02,824 - INFO - Project root: /workspace
2026-03-09 22:43:02,824 - INFO - Checking template at: /workspace/templates/template.xlsx
2026-03-09 22:43:02,824 - INFO - Found template at: /workspace/templates/template.xlsx
2026-03-09 22:43:02,824 - INFO - Created report template at: /workspace/2025.11.04 Típico/03.11.25 3pm a 12 am/hiv00014/Conteos.xlsx
2026-03-09 22:43:02,824 - INFO - Found typologies at: /workspace/templates/tipologias.txt
2026-03-09 22:43:02,824 - INFO - Loading configuration from: /workspace/2025.11.04 Típico/03.11.25 3pm a 12 am/hiv00014/results.json
2026-03-09 22:43:02,825 - INFO - JSON loaded successfully. Keys: ['video', 'total_frames', 'processed_frames', 'processing_time_seconds', 'effective_fps', 'counts', 'counting_lines', 'movements', 'types', 'config']
2026-03-09 22:43:02,825 - INFO - Removed 'Persona' from typologies (pedestrian counts separate)
2026-03-09 22:43:03,922 - INFO - Found 2 movements and 4 counting lines in configuration
2026-03-09 22:43:03,922 - INFO - Saving initial Excel with movements info...
2026-03-09 22:43:04,421 - INFO - Excel saved with movements. Now processing vehicle counts...
2026-03-09 22:43:04,422 - INFO - Prepared turns dictionary: {'N': [], 'S': [], 'E': ['M1'], 'O': ['M2']}
2026-03-09 22:43:04,422 - INFO - Connecting to database: /workspace/2025.11.04 Típico/03.11.25 3pm a 12 am/hiv00014/Conteos.db
2026-03-09 22:43:04,422 - INFO - Querying VehicleCounts table...
2026-03-09 22:43:04,422 - INFO - Found 63 vehicle records in database
2026-03-09 22:43:04,423 - INFO - Grouped vehicle records into 3 quarters
2026-03-09 22:43:04,423 - INFO - Processing quarter 39 with 28 records
2026-03-09 22:43:04,423 - INFO - Created temp folder: /workspace/2025.11.04 Típico/03.11.25 3pm a 12 am/hiv00014/temp_39
2026-03-09 22:43:04,452 - INFO - Created temp database with 28 records
2026-03-09 22:43:04,452 - INFO - Writing counts to Excel for quarter 39...
2026-03-09 22:43:04,943 - INFO - Successfully wrote quarter 39 to Excel
2026-03-09 22:43:04,943 - INFO - Cleaned up temp folder: /workspace/2025.11.04 Típico/03.11.25 3pm a 12 am/hiv00014/temp_39
2026-03-09 22:43:04,943 - INFO - Processing quarter 40 with 19 records
2026-03-09 22:43:04,943 - INFO - Created temp folder: /workspace/2025.11.04 Típico/03.11.25 3pm a 12 am/hiv00014/temp_40
2026-03-09 22:43:04,973 - INFO - Created temp database with 19 records
2026-03-09 22:43:04,973 - INFO - Writing counts to Excel for quarter 40...
2026-03-09 22:43:05,466 - INFO - Successfully wrote quarter 40 to Excel
2026-03-09 22:43:05,466 - INFO - Cleaned up temp folder: /workspace/2025.11.04 Típico/03.11.25 3pm a 12 am/hiv00014/temp_40
2026-03-09 22:43:05,466 - INFO - Processing quarter 41 with 16 records
2026-03-09 22:43:05,466 - INFO - Created temp folder: /workspace/2025.11.04 Típico/03.11.25 3pm a 12 am/hiv00014/temp_41
2026-03-09 22:43:05,492 - INFO - Created temp database with 16 records
2026-03-09 22:43:05,492 - INFO - Writing counts to Excel for quarter 41...
2026-03-09 22:43:05,983 - INFO - Successfully wrote quarter 41 to Excel
2026-03-09 22:43:05,983 - INFO - Cleaned up temp folder: /workspace/2025.11.04 Típico/03.11.25 3pm a 12 am/hiv00014/temp_41
2026-03-09 22:43:05,983 - INFO - Successfully processed all quarters from database
2026-03-09 22:43:05,983 - INFO - Database connection closed
2026-03-09 22:43:06,473 - INFO - Excel workbook saved successfully to: /workspace/2025.11.04 Típico/03.11.25 3pm a 12 am/hiv00014/Conteos.xlsx
2026-03-09 22:48:47,301 - INFO - Processing database: /workspace/2025.11.04 Típico/03.11.25 3pm a 12 am/hiv00015/Conteos.db
2026-03-09 22:48:47,301 - INFO - Intersection name: Conteos
2026-03-09 22:48:47,301 - INFO - Project root: /workspace
2026-03-09 22:48:47,301 - INFO - Checking template at: /workspace/templates/template.xlsx
2026-03-09 22:48:47,301 - INFO - Found template at: /workspace/templates/template.xlsx
2026-03-09 22:48:47,302 - INFO - Created report template at: /workspace/2025.11.04 Típico/03.11.25 3pm a 12 am/hiv00015/Conteos.xlsx
2026-03-09 22:48:47,302 - INFO - Found typologies at: /workspace/templates/tipologias.txt
2026-03-09 22:48:47,302 - INFO - Loading configuration from: /workspace/2025.11.04 Típico/03.11.25 3pm a 12 am/hiv00015/results.json
2026-03-09 22:48:47,302 - INFO - JSON loaded successfully. Keys: ['video', 'total_frames', 'processed_frames', 'processing_time_seconds', 'effective_fps', 'counts', 'counting_lines', 'movements', 'types', 'config']
2026-03-09 22:48:47,302 - INFO - Removed 'Persona' from typologies (pedestrian counts separate)
2026-03-09 22:48:48,309 - INFO - Found 2 movements and 4 counting lines in configuration
2026-03-09 22:48:48,309 - INFO - Saving initial Excel with movements info...
2026-03-09 22:48:48,804 - INFO - Excel saved with movements. Now processing vehicle counts...
2026-03-09 22:48:48,805 - INFO - Prepared turns dictionary: {'N': [], 'S': [], 'E': ['M1'], 'O': ['M2']}
2026-03-09 22:48:48,805 - INFO - Connecting to database: /workspace/2025.11.04 Típico/03.11.25 3pm a 12 am/hiv00015/Conteos.db
2026-03-09 22:48:48,805 - INFO - Querying VehicleCounts table...
2026-03-09 22:48:48,805 - INFO - Found 40 vehicle records in database
2026-03-09 22:48:48,806 - INFO - Grouped vehicle records into 4 quarters
2026-03-09 22:48:48,806 - INFO - Processing quarter 42 with 6 records
2026-03-09 22:48:48,806 - INFO - Created temp folder: /workspace/2025.11.04 Típico/03.11.25 3pm a 12 am/hiv00015/temp_42
2026-03-09 22:48:48,836 - INFO - Created temp database with 6 records
2026-03-09 22:48:48,836 - INFO - Writing counts to Excel for quarter 42...
2026-03-09 22:48:49,326 - INFO - Successfully wrote quarter 42 to Excel
2026-03-09 22:48:49,326 - INFO - Cleaned up temp folder: /workspace/2025.11.04 Típico/03.11.25 3pm a 12 am/hiv00015/temp_42
2026-03-09 22:48:49,326 - INFO - Processing quarter 43 with 18 records
2026-03-09 22:48:49,327 - INFO - Created temp folder: /workspace/2025.11.04 Típico/03.11.25 3pm a 12 am/hiv00015/temp_43
2026-03-09 22:48:49,357 - INFO - Created temp database with 18 records
2026-03-09 22:48:49,358 - INFO - Writing counts to Excel for quarter 43...
2026-03-09 22:48:49,861 - INFO - Successfully wrote quarter 43 to Excel
2026-03-09 22:48:49,862 - INFO - Cleaned up temp folder: /workspace/2025.11.04 Típico/03.11.25 3pm a 12 am/hiv00015/temp_43
2026-03-09 22:48:49,862 - INFO - Processing quarter 44 with 12 records
2026-03-09 22:48:49,862 - INFO - Created temp folder: /workspace/2025.11.04 Típico/03.11.25 3pm a 12 am/hiv00015/temp_44
2026-03-09 22:48:49,892 - INFO - Created temp database with 12 records
2026-03-09 22:48:49,892 - INFO - Writing counts to Excel for quarter 44...
2026-03-09 22:48:50,404 - INFO - Successfully wrote quarter 44 to Excel
2026-03-09 22:48:50,404 - INFO - Cleaned up temp folder: /workspace/2025.11.04 Típico/03.11.25 3pm a 12 am/hiv00015/temp_44
2026-03-09 22:48:50,404 - INFO - Processing quarter 45 with 4 records
2026-03-09 22:48:50,404 - INFO - Created temp folder: /workspace/2025.11.04 Típico/03.11.25 3pm a 12 am/hiv00015/temp_45
2026-03-09 22:48:50,435 - INFO - Created temp database with 4 records
2026-03-09 22:48:50,435 - INFO - Writing counts to Excel for quarter 45...
2026-03-09 22:48:50,936 - INFO - Successfully wrote quarter 45 to Excel
2026-03-09 22:48:50,936 - INFO - Cleaned up temp folder: /workspace/2025.11.04 Típico/03.11.25 3pm a 12 am/hiv00015/temp_45
2026-03-09 22:48:50,936 - INFO - Successfully processed all quarters from database
2026-03-09 22:48:50,936 - INFO - Database connection closed
2026-03-09 22:48:51,621 - INFO - Excel workbook saved successfully to: /workspace/2025.11.04 Típico/03.11.25 3pm a 12 am/hiv00015/Conteos.xlsx
2026-03-09 22:55:27,300 - INFO - Processing database: /workspace/2025.11.04 Típico/03.11.25 3pm a 12 am/hiv00016/Conteos.db
2026-03-09 22:55:27,300 - INFO - Intersection name: Conteos
2026-03-09 22:55:27,300 - INFO - Project root: /workspace
2026-03-09 22:55:27,300 - INFO - Checking template at: /workspace/templates/template.xlsx
2026-03-09 22:55:27,300 - INFO - Found template at: /workspace/templates/template.xlsx
2026-03-09 22:55:27,300 - INFO - Created report template at: /workspace/2025.11.04 Típico/03.11.25 3pm a 12 am/hiv00016/Conteos.xlsx
2026-03-09 22:55:27,301 - INFO - Found typologies at: /workspace/templates/tipologias.txt
2026-03-09 22:55:27,301 - INFO - Loading configuration from: /workspace/2025.11.04 Típico/03.11.25 3pm a 12 am/hiv00016/results.json
2026-03-09 22:55:27,301 - INFO - JSON loaded successfully. Keys: ['video', 'total_frames', 'processed_frames', 'processing_time_seconds', 'effective_fps', 'counts', 'counting_lines', 'movements', 'types', 'config']
2026-03-09 22:55:27,301 - INFO - Removed 'Persona' from typologies (pedestrian counts separate)
2026-03-09 22:55:28,378 - INFO - Found 2 movements and 4 counting lines in configuration
2026-03-09 22:55:28,379 - INFO - Saving initial Excel with movements info...
2026-03-09 22:55:28,875 - INFO - Excel saved with movements. Now processing vehicle counts...
2026-03-09 22:55:28,875 - INFO - Prepared turns dictionary: {'N': [], 'S': [], 'E': ['M1'], 'O': ['M2']}
2026-03-09 22:55:28,875 - INFO - Connecting to database: /workspace/2025.11.04 Típico/03.11.25 3pm a 12 am/hiv00016/Conteos.db
2026-03-09 22:55:28,875 - INFO - Querying VehicleCounts table...
2026-03-09 22:55:28,875 - INFO - Found 23 vehicle records in database
2026-03-09 22:55:28,876 - INFO - Grouped vehicle records into 5 quarters
2026-03-09 22:55:28,876 - INFO - Processing quarter 45 with 3 records
2026-03-09 22:55:28,876 - INFO - Created temp folder: /workspace/2025.11.04 Típico/03.11.25 3pm a 12 am/hiv00016/temp_45
2026-03-09 22:55:28,907 - INFO - Created temp database with 3 records
2026-03-09 22:55:28,907 - INFO - Writing counts to Excel for quarter 45...
2026-03-09 22:55:29,397 - INFO - Successfully wrote quarter 45 to Excel
2026-03-09 22:55:29,397 - INFO - Cleaned up temp folder: /workspace/2025.11.04 Típico/03.11.25 3pm a 12 am/hiv00016/temp_45
2026-03-09 22:55:29,397 - INFO - Processing quarter 46 with 5 records
2026-03-09 22:55:29,398 - INFO - Created temp folder: /workspace/2025.11.04 Típico/03.11.25 3pm a 12 am/hiv00016/temp_46
2026-03-09 22:55:29,425 - INFO - Created temp database with 5 records
2026-03-09 22:55:29,426 - INFO - Writing counts to Excel for quarter 46...
2026-03-09 22:55:29,920 - INFO - Successfully wrote quarter 46 to Excel
2026-03-09 22:55:29,921 - INFO - Cleaned up temp folder: /workspace/2025.11.04 Típico/03.11.25 3pm a 12 am/hiv00016/temp_46
2026-03-09 22:55:29,921 - INFO - Processing quarter 47 with 10 records
2026-03-09 22:55:29,921 - INFO - Created temp folder: /workspace/2025.11.04 Típico/03.11.25 3pm a 12 am/hiv00016/temp_47
2026-03-09 22:55:29,948 - INFO - Created temp database with 10 records
2026-03-09 22:55:29,949 - INFO - Writing counts to Excel for quarter 47...
2026-03-09 22:55:30,442 - INFO - Successfully wrote quarter 47 to Excel
2026-03-09 22:55:30,442 - INFO - Cleaned up temp folder: /workspace/2025.11.04 Típico/03.11.25 3pm a 12 am/hiv00016/temp_47
2026-03-09 22:55:30,442 - INFO - Processing quarter 48 with 2 records
2026-03-09 22:55:30,442 - INFO - Created temp folder: /workspace/2025.11.04 Típico/03.11.25 3pm a 12 am/hiv00016/temp_48
2026-03-09 22:55:30,473 - INFO - Created temp database with 2 records
2026-03-09 22:55:30,474 - INFO - Writing counts to Excel for quarter 48...
2026-03-09 22:55:30,968 - INFO - Successfully wrote quarter 48 to Excel
2026-03-09 22:55:30,968 - INFO - Cleaned up temp folder: /workspace/2025.11.04 Típico/03.11.25 3pm a 12 am/hiv00016/temp_48
2026-03-09 22:55:30,968 - INFO - Processing quarter 49 with 3 records
2026-03-09 22:55:30,968 - INFO - Created temp folder: /workspace/2025.11.04 Típico/03.11.25 3pm a 12 am/hiv00016/temp_49
2026-03-09 22:55:31,000 - INFO - Created temp database with 3 records
2026-03-09 22:55:31,000 - INFO - Writing counts to Excel for quarter 49...
2026-03-09 22:55:31,494 - INFO - Successfully wrote quarter 49 to Excel
2026-03-09 22:55:31,494 - INFO - Cleaned up temp folder: /workspace/2025.11.04 Típico/03.11.25 3pm a 12 am/hiv00016/temp_49
2026-03-09 22:55:31,494 - INFO - Successfully processed all quarters from database
2026-03-09 22:55:31,494 - INFO - Database connection closed
2026-03-09 22:55:32,217 - INFO - Excel workbook saved successfully to: /workspace/2025.11.04 Típico/03.11.25 3pm a 12 am/hiv00016/Conteos.xlsx
2026-03-09 23:03:34,686 - INFO - Processing database: /workspace/2025.11.04 Típico/03.11.25 3pm a 12 am/hiv00017/Conteos.db
2026-03-09 23:03:34,686 - INFO - Intersection name: Conteos
2026-03-09 23:03:34,686 - INFO - Project root: /workspace
2026-03-09 23:03:34,686 - INFO - Checking template at: /workspace/templates/template.xlsx
2026-03-09 23:03:34,686 - INFO - Found template at: /workspace/templates/template.xlsx
2026-03-09 23:03:34,687 - INFO - Created report template at: /workspace/2025.11.04 Típico/03.11.25 3pm a 12 am/hiv00017/Conteos.xlsx
2026-03-09 23:03:34,687 - INFO - Found typologies at: /workspace/templates/tipologias.txt
2026-03-09 23:03:34,687 - INFO - Loading configuration from: /workspace/2025.11.04 Típico/03.11.25 3pm a 12 am/hiv00017/results.json
2026-03-09 23:03:34,687 - INFO - JSON loaded successfully. Keys: ['video', 'total_frames', 'processed_frames', 'processing_time_seconds', 'effective_fps', 'counts', 'counting_lines', 'movements', 'types', 'config']
2026-03-09 23:03:34,687 - INFO - Removed 'Persona' from typologies (pedestrian counts separate)
2026-03-09 23:03:35,774 - INFO - Found 2 movements and 4 counting lines in configuration
2026-03-09 23:03:35,775 - INFO - Saving initial Excel with movements info...
2026-03-09 23:03:36,271 - INFO - Excel saved with movements. Now processing vehicle counts...
2026-03-09 23:03:36,271 - INFO - Prepared turns dictionary: {'N': [], 'S': [], 'E': ['M1'], 'O': ['M2']}
2026-03-09 23:03:36,271 - INFO - Connecting to database: /workspace/2025.11.04 Típico/03.11.25 3pm a 12 am/hiv00017/Conteos.db
2026-03-09 23:03:36,271 - INFO - Querying VehicleCounts table...
2026-03-09 23:03:36,272 - INFO - Found 11 vehicle records in database
2026-03-09 23:03:36,272 - INFO - Grouped vehicle records into 5 quarters
2026-03-09 23:03:36,272 - INFO - Processing quarter 49 with 4 records
2026-03-09 23:03:36,272 - INFO - Created temp folder: /workspace/2025.11.04 Típico/03.11.25 3pm a 12 am/hiv00017/temp_49
2026-03-09 23:03:36,301 - INFO - Created temp database with 4 records
2026-03-09 23:03:36,301 - INFO - Writing counts to Excel for quarter 49...
2026-03-09 23:03:36,804 - INFO - Successfully wrote quarter 49 to Excel
2026-03-09 23:03:36,804 - INFO - Cleaned up temp folder: /workspace/2025.11.04 Típico/03.11.25 3pm a 12 am/hiv00017/temp_49
2026-03-09 23:03:36,804 - INFO - Processing quarter 50 with 2 records
2026-03-09 23:03:36,804 - INFO - Created temp folder: /workspace/2025.11.04 Típico/03.11.25 3pm a 12 am/hiv00017/temp_50
2026-03-09 23:03:36,827 - INFO - Created temp database with 2 records
2026-03-09 23:03:36,827 - INFO - Writing counts to Excel for quarter 50...
2026-03-09 23:03:37,331 - INFO - Successfully wrote quarter 50 to Excel
2026-03-09 23:03:37,331 - INFO - Cleaned up temp folder: /workspace/2025.11.04 Típico/03.11.25 3pm a 12 am/hiv00017/temp_50
2026-03-09 23:03:37,331 - INFO - Processing quarter 51 with 2 records
2026-03-09 23:03:37,331 - INFO - Created temp folder: /workspace/2025.11.04 Típico/03.11.25 3pm a 12 am/hiv00017/temp_51
2026-03-09 23:03:37,360 - INFO - Created temp database with 2 records
2026-03-09 23:03:37,360 - INFO - Writing counts to Excel for quarter 51...
2026-03-09 23:03:37,873 - INFO - Successfully wrote quarter 51 to Excel
2026-03-09 23:03:37,873 - INFO - Cleaned up temp folder: /workspace/2025.11.04 Típico/03.11.25 3pm a 12 am/hiv00017/temp_51
2026-03-09 23:03:37,873 - INFO - Processing quarter 53 with 2 records
2026-03-09 23:03:37,874 - INFO - Created temp folder: /workspace/2025.11.04 Típico/03.11.25 3pm a 12 am/hiv00017/temp_53
2026-03-09 23:03:37,902 - INFO - Created temp database with 2 records
2026-03-09 23:03:37,902 - INFO - Writing counts to Excel for quarter 53...
2026-03-09 23:03:38,406 - INFO - Successfully wrote quarter 53 to Excel
2026-03-09 23:03:38,406 - INFO - Cleaned up temp folder: /workspace/2025.11.04 Típico/03.11.25 3pm a 12 am/hiv00017/temp_53
2026-03-09 23:03:38,406 - INFO - Processing quarter 54 with 1 records
2026-03-09 23:03:38,406 - INFO - Created temp folder: /workspace/2025.11.04 Típico/03.11.25 3pm a 12 am/hiv00017/temp_54
2026-03-09 23:03:38,435 - INFO - Created temp database with 1 records
2026-03-09 23:03:38,435 - INFO - Writing counts to Excel for quarter 54...
2026-03-09 23:03:38,943 - INFO - Successfully wrote quarter 54 to Excel
2026-03-09 23:03:38,943 - INFO - Cleaned up temp folder: /workspace/2025.11.04 Típico/03.11.25 3pm a 12 am/hiv00017/temp_54
2026-03-09 23:03:38,943 - INFO - Successfully processed all quarters from database
2026-03-09 23:03:38,943 - INFO - Database connection closed
2026-03-09 23:03:39,446 - INFO - Excel workbook saved successfully to: /workspace/2025.11.04 Típico/03.11.25 3pm a 12 am/hiv00017/Conteos.xlsx
